# JRE version: Java(TM) SE Runtime Environment (8.0_31-b13) (build 1.8.0_31-b13)
# Java VM: Java HotSpot(TM) 64-Bit Server VM (25.31-b07 mixed mode bsd-amd64 compressed oops)
Heap:
 PSYoungGen      total 177152K, used 176736K [0x0000000795580000, 0x00000007aa380000, 0x00000007c0000000)
  eden space 171008K, 100% used [0x0000000795580000,0x000000079fc80000,0x000000079fc80000)
  from space 6144K, 93% used [0x00000007a9d80000,0x00000007aa318050,0x00000007aa380000)
  to   space 8192K, 0% used [0x00000007a9380000,0x00000007a9380000,0x00000007a9b80000)
 ParOldGen       total 87552K, used 9705K [0x0000000740000000, 0x0000000745580000, 0x0000000795580000)
  object space 87552K, 11% used [0x0000000740000000,0x000000074097a700,0x0000000745580000)
 Metaspace       used 10349K, capacity 10517K, committed 10624K, reserved 1058816K
  class space    used 1070K, capacity 1117K, committed 1152K, reserved 1048576K
GC Heap History (10 events):
Event: 13.790 GC heap before
{Heap before GC invocations=12 (full 0):
 PSYoungGen      total 219136K, used 217808K [0x0000000795580000, 0x00000007ab080000, 0x00000007c0000000)
  eden space 210944K, 100% used [0x0000000795580000,0x00000007a2380000,0x00000007a2380000)
  from space 8192K, 83% used [0x00000007a2380000,0x00000007a2a34070,0x00000007a2b80000)
  to   space 8704K, 0% used [0x00000007aa800000,0x00000007aa800000,0x00000007ab080000)
 ParOldGen       total 87552K, used 9433K [0x0000000740000000, 0x0000000745580000, 0x0000000795580000)
  object space 87552K, 10% used [0x0000000740000000,0x00000007409366f0,0x0000000745580000)
 Metaspace       used 10195K, capacity 10325K, committed 10368K, reserved 1058816K
  class space    used 1070K, capacity 1117K, committed 1152K, reserved 1048576K
Event: 13.796 GC heap after
Heap after GC invocations=12 (full 0):
 PSYoungGen      total 208384K, used 5824K [0x0000000795580000, 0x00000007aae00000, 0x00000007c0000000)
  eden space 202240K, 0% used [0x0000000795580000,0x0000000795580000,0x00000007a1b00000)
  from space 6144K, 94% used [0x00000007aa800000,0x00000007aadb0050,0x00000007aae00000)
  to   space 8192K, 0% used [0x00000007a9e00000,0x00000007a9e00000,0x00000007aa600000)
 ParOldGen       total 87552K, used 9497K [0x0000000740000000, 0x0000000745580000, 0x0000000795580000)
  object space 87552K, 10% used [0x0000000740000000,0x0000000740946700,0x0000000745580000)
 Metaspace       used 10195K, capacity 10325K, committed 10368K, reserved 1058816K
  class space    used 1070K, capacity 1117K, committed 1152K, reserved 1048576K
}
Event: 14.776 GC heap before
{Heap before GC invocations=13 (full 0):
 PSYoungGen      total 208384K, used 208064K [0x0000000795580000, 0x00000007aae00000, 0x00000007c0000000)
  eden space 202240K, 100% used [0x0000000795580000,0x00000007a1b00000,0x00000007a1b00000)
  from space 6144K, 94% used [0x00000007aa800000,0x00000007aadb0050,0x00000007aae00000)
  to   space 8192K, 0% used [0x00000007a9e00000,0x00000007a9e00000,0x00000007aa600000)
 ParOldGen       total 87552K, used 9497K [0x0000000740000000, 0x0000000745580000, 0x0000000795580000)
  object space 87552K, 10% used [0x0000000740000000,0x0000000740946700,0x0000000745580000)
 Metaspace       used 10209K, capacity 10389K, committed 10624K, reserved 1058816K
  class space    used 1070K, capacity 1117K, committed 1152K, reserved 1048576K
Event: 14.783 GC heap after
Heap after GC invocations=13 (full 0):
 PSYoungGen      total 201216K, used 6816K [0x0000000795580000, 0x00000007aa880000, 0x00000007c0000000)
  eden space 194048K, 0% used [0x0000000795580000,0x0000000795580000,0x00000007a1300000)
  from space 7168K, 95% used [0x00000007a9e00000,0x00000007aa4a8060,0x00000007aa500000)
  to   space 3584K, 0% used [0x00000007aa500000,0x00000007aa500000,0x00000007aa880000)
 ParOldGen       total 87552K, used 9521K [0x0000000740000000, 0x0000000745580000, 0x0000000795580000)
  object space 87552K, 10% used [0x0000000740000000,0x000000074094c700,0x0000000745580000)
 Metaspace       used 10209K, capacity 10389K, committed 10624K, reserved 1058816K
  class space    used 1070K, capacity 1117K, committed 1152K, reserved 1048576K
}
Event: 15.695 GC heap before
{Heap before GC invocations=14 (full 0):
 PSYoungGen      total 201216K, used 200864K [0x0000000795580000, 0x00000007aa880000, 0x00000007c0000000)
  eden space 194048K, 100% used [0x0000000795580000,0x00000007a1300000,0x00000007a1300000)
  from space 7168K, 95% used [0x00000007a9e00000,0x00000007aa4a8060,0x00000007aa500000)
  to   space 3584K, 0% used [0x00000007aa500000,0x00000007aa500000,0x00000007aa880000)
 ParOldGen       total 87552K, used 9521K [0x0000000740000000, 0x0000000745580000, 0x0000000795580000)
  object space 87552K, 10% used [0x0000000740000000,0x000000074094c700,0x0000000745580000)
 Metaspace       used 10216K, capacity 10389K, committed 10624K, reserved 1058816K
  class space    used 1070K, capacity 1117K, committed 1152K, reserved 1048576K
Event: 15.699 GC heap after
Heap after GC invocations=14 (full 0):
 PSYoungGen      total 189440K, used 3552K [0x0000000795580000, 0x00000007aa880000, 0x00000007c0000000)
  eden space 185856K, 0% used [0x0000000795580000,0x0000000795580000,0x00000007a0b00000)
  from space 3584K, 99% used [0x00000007aa500000,0x00000007aa878030,0x00000007aa880000)
  to   space 8704K, 0% used [0x00000007a9780000,0x00000007a9780000,0x00000007aa000000)
 ParOldGen       total 87552K, used 9673K [0x0000000740000000, 0x0000000745580000, 0x0000000795580000)
  object space 87552K, 11% used [0x0000000740000000,0x0000000740972700,0x0000000745580000)
 Metaspace       used 10216K, capacity 10389K, committed 10624K, reserved 1058816K
  class space    used 1070K, capacity 1117K, committed 1152K, reserved 1048576K
}
Event: 16.557 GC heap before
{Heap before GC invocations=15 (full 0):
 PSYoungGen      total 189440K, used 189408K [0x0000000795580000, 0x00000007aa880000, 0x00000007c0000000)
  eden space 185856K, 100% used [0x0000000795580000,0x00000007a0b00000,0x00000007a0b00000)
  from space 3584K, 99% used [0x00000007aa500000,0x00000007aa878030,0x00000007aa880000)
  to   space 8704K, 0% used [0x00000007a9780000,0x00000007a9780000,0x00000007aa000000)
 ParOldGen       total 87552K, used 9673K [0x0000000740000000, 0x0000000745580000, 0x0000000795580000)
  object space 87552K, 11% used [0x0000000740000000,0x0000000740972700,0x0000000745580000)
 Metaspace       used 10220K, capacity 10389K, committed 10624K, reserved 1058816K
  class space    used 1070K, capacity 1117K, committed 1152K, reserved 1048576K
Event: 16.564 GC heap after
Heap after GC invocations=15 (full 0):
 PSYoungGen      total 184320K, used 5728K [0x0000000795580000, 0x00000007aa580000, 0x00000007c0000000)
  eden space 178176K, 0% used [0x0000000795580000,0x0000000795580000,0x00000007a0380000)
  from space 6144K, 93% used [0x00000007a9780000,0x00000007a9d18050,0x00000007a9d80000)
  to   space 8192K, 0% used [0x00000007a9d80000,0x00000007a9d80000,0x00000007aa580000)
 ParOldGen       total 87552K, used 9697K [0x0000000740000000, 0x0000000745580000, 0x0000000795580000)
  object space 87552K, 11% used [0x0000000740000000,0x0000000740978700,0x0000000745580000)
 Metaspace       used 10220K, capacity 10389K, committed 10624K, reserved 1058816K
  class space    used 1070K, capacity 1117K, committed 1152K, reserved 1048576K
}
Event: 17.538 GC heap before
{Heap before GC invocations=16 (full 0):
 PSYoungGen      total 184320K, used 183904K [0x0000000795580000, 0x00000007aa580000, 0x00000007c0000000)
  eden space 178176K, 100% used [0x0000000795580000,0x00000007a0380000,0x00000007a0380000)
  from space 6144K, 93% used [0x00000007a9780000,0x00000007a9d18050,0x00000007a9d80000)
  to   space 8192K, 0% used [0x00000007a9d80000,0x00000007a9d80000,0x00000007aa580000)
 ParOldGen       total 87552K, used 9697K [0x0000000740000000, 0x0000000745580000, 0x0000000795580000)
  object space 87552K, 11% used [0x0000000740000000,0x0000000740978700,0x0000000745580000)
 Metaspace       used 10229K, capacity 10389K, committed 10624K, reserved 1058816K
  class space    used 1070K, capacity 1117K, committed 1152K, reserved 1048576K
Event: 17.543 GC heap after
Heap after GC invocations=16 (full 0):
 PSYoungGen      total 177152K, used 5728K [0x0000000795580000, 0x00000007aa380000, 0x00000007c0000000)
  eden space 171008K, 0% used [0x0000000795580000,0x0000000795580000,0x000000079fc80000)
  from space 6144K, 93% used [0x00000007a9d80000,0x00000007aa318050,0x00000007aa380000)
  to   space 8192K, 0% used [0x00000007a9380000,0x00000007a9380000,0x00000007a9b80000)
 ParOldGen       total 87552K, used 9705K [0x0000000740000000, 0x0000000745580000, 0x0000000795580000)
  object space 87552K, 11% used [0x0000000740000000,0x000000074097a700,0x0000000745580000)
 Metaspace       used 10229K, capacity 10389K, committed 10624K, reserved 1058816K
  class space    used 1070K, capacity 1117K, committed 1152K, reserved 1048576K
}

