# JRE version: Java(TM) SE Runtime Environment (8.0_20-b26) (build 1.8.0_20-b26)
# Java VM: Java HotSpot(TM) 64-Bit Server VM (25.20-b23 mixed mode windows-amd64 compressed oops)
Heap:
 PSYoungGen      total 25088K, used 8640K [0x00000000d5d80000, 0x00000000d7800000, 0x0000000100000000)
  eden space 24064K, 35% used [0x00000000d5d80000,0x00000000d65e0128,0x00000000d7500000)
  from space 1024K, 6% used [0x00000000d7700000,0x00000000d7710000,0x00000000d7800000)
  to   space 1536K, 0% used [0x00000000d7500000,0x00000000d7500000,0x00000000d7680000)
 ParOldGen       total 87552K, used 3000K [0x0000000081800000, 0x0000000086d80000, 0x00000000d5d80000)
  object space 87552K, 3% used [0x0000000081800000,0x0000000081aee208,0x0000000086d80000)
 Metaspace       used 9476K, capacity 9583K, committed 9728K, reserved 1058816K
  class space    used 957K, capacity 994K, committed 1024K, reserved 1048576K
GC Heap History (10 events):
Event: 9840.864 GC heap before
{Heap before GC invocations=36 (full 0):
 PSYoungGen      total 24576K, used 24096K [0x00000000d5d80000, 0x00000000d7900000, 0x0000000100000000)
  eden space 24064K, 100% used [0x00000000d5d80000,0x00000000d7500000,0x00000000d7500000)
  from space 512K, 6% used [0x00000000d7500000,0x00000000d7508000,0x00000000d7580000)
  to   space 2048K, 0% used [0x00000000d7700000,0x00000000d7700000,0x00000000d7900000)
 ParOldGen       total 87552K, used 2984K [0x0000000081800000, 0x0000000086d80000, 0x00000000d5d80000)
  object space 87552K, 3% used [0x0000000081800000,0x0000000081aea208,0x0000000086d80000)
 Metaspace       used 9474K, capacity 9583K, committed 9728K, reserved 1058816K
  class space    used 957K, capacity 994K, committed 1024K, reserved 1048576K
Event: 9840.866 GC heap after
Heap after GC invocations=36 (full 0):
 PSYoungGen      total 26112K, used 32K [0x00000000d5d80000, 0x00000000d7900000, 0x0000000100000000)
  eden space 24064K, 0% used [0x00000000d5d80000,0x00000000d5d80000,0x00000000d7500000)
  from space 2048K, 1% used [0x00000000d7700000,0x00000000d7708000,0x00000000d7900000)
  to   space 2048K, 0% used [0x00000000d7500000,0x00000000d7500000,0x00000000d7700000)
 ParOldGen       total 87552K, used 2984K [0x0000000081800000, 0x0000000086d80000, 0x00000000d5d80000)
  object space 87552K, 3% used [0x0000000081800000,0x0000000081aea208,0x0000000086d80000)
 Metaspace       used 9474K, capacity 9583K, committed 9728K, reserved 1058816K
  class space    used 957K, capacity 994K, committed 1024K, reserved 1048576K
}
Event: 10329.100 GC heap before
{Heap before GC invocations=37 (full 0):
 PSYoungGen      total 26112K, used 24096K [0x00000000d5d80000, 0x00000000d7900000, 0x0000000100000000)
  eden space 24064K, 100% used [0x00000000d5d80000,0x00000000d7500000,0x00000000d7500000)
  from space 2048K, 1% used [0x00000000d7700000,0x00000000d7708000,0x00000000d7900000)
  to   space 2048K, 0% used [0x00000000d7500000,0x00000000d7500000,0x00000000d7700000)
 ParOldGen       total 87552K, used 2984K [0x0000000081800000, 0x0000000086d80000, 0x00000000d5d80000)
  object space 87552K, 3% used [0x0000000081800000,0x0000000081aea208,0x0000000086d80000)
 Metaspace       used 9474K, capacity 9583K, committed 9728K, reserved 1058816K
  class space    used 957K, capacity 994K, committed 1024K, reserved 1048576K
Event: 10329.101 GC heap after
Heap after GC invocations=37 (full 0):
 PSYoungGen      total 26112K, used 96K [0x00000000d5d80000, 0x00000000d7900000, 0x0000000100000000)
  eden space 24064K, 0% used [0x00000000d5d80000,0x00000000d5d80000,0x00000000d7500000)
  from space 2048K, 4% used [0x00000000d7500000,0x00000000d7518000,0x00000000d7700000)
  to   space 2048K, 0% used [0x00000000d7700000,0x00000000d7700000,0x00000000d7900000)
 ParOldGen       total 87552K, used 2984K [0x0000000081800000, 0x0000000086d80000, 0x00000000d5d80000)
  object space 87552K, 3% used [0x0000000081800000,0x0000000081aea208,0x0000000086d80000)
 Metaspace       used 9474K, capacity 9583K, committed 9728K, reserved 1058816K
  class space    used 957K, capacity 994K, committed 1024K, reserved 1048576K
}
Event: 10827.779 GC heap before
{Heap before GC invocations=38 (full 0):
 PSYoungGen      total 26112K, used 24160K [0x00000000d5d80000, 0x00000000d7900000, 0x0000000100000000)
  eden space 24064K, 100% used [0x00000000d5d80000,0x00000000d7500000,0x00000000d7500000)
  from space 2048K, 4% used [0x00000000d7500000,0x00000000d7518000,0x00000000d7700000)
  to   space 2048K, 0% used [0x00000000d7700000,0x00000000d7700000,0x00000000d7900000)
 ParOldGen       total 87552K, used 2984K [0x0000000081800000, 0x0000000086d80000, 0x00000000d5d80000)
  object space 87552K, 3% used [0x0000000081800000,0x0000000081aea208,0x0000000086d80000)
 Metaspace       used 9474K, capacity 9583K, committed 9728K, reserved 1058816K
  class space    used 957K, capacity 994K, committed 1024K, reserved 1048576K
Event: 10827.780 GC heap after
Heap after GC invocations=38 (full 0):
 PSYoungGen      total 26112K, used 64K [0x00000000d5d80000, 0x00000000d7900000, 0x0000000100000000)
  eden space 24064K, 0% used [0x00000000d5d80000,0x00000000d5d80000,0x00000000d7500000)
  from space 2048K, 3% used [0x00000000d7700000,0x00000000d7710000,0x00000000d7900000)
  to   space 2048K, 0% used [0x00000000d7500000,0x00000000d7500000,0x00000000d7700000)
 ParOldGen       total 87552K, used 2992K [0x0000000081800000, 0x0000000086d80000, 0x00000000d5d80000)
  object space 87552K, 3% used [0x0000000081800000,0x0000000081aec208,0x0000000086d80000)
 Metaspace       used 9474K, capacity 9583K, committed 9728K, reserved 1058816K
  class space    used 957K, capacity 994K, committed 1024K, reserved 1048576K
}
Event: 11347.453 GC heap before
{Heap before GC invocations=39 (full 0):
 PSYoungGen      total 26112K, used 24128K [0x00000000d5d80000, 0x00000000d7900000, 0x0000000100000000)
  eden space 24064K, 100% used [0x00000000d5d80000,0x00000000d7500000,0x00000000d7500000)
  from space 2048K, 3% used [0x00000000d7700000,0x00000000d7710000,0x00000000d7900000)
  to   space 2048K, 0% used [0x00000000d7500000,0x00000000d7500000,0x00000000d7700000)
 ParOldGen       total 87552K, used 2992K [0x0000000081800000, 0x0000000086d80000, 0x00000000d5d80000)
  object space 87552K, 3% used [0x0000000081800000,0x0000000081aec208,0x0000000086d80000)
 Metaspace       used 9474K, capacity 9583K, committed 9728K, reserved 1058816K
  class space    used 957K, capacity 994K, committed 1024K, reserved 1048576K
Event: 11347.454 GC heap after
Heap after GC invocations=39 (full 0):
 PSYoungGen      total 26112K, used 32K [0x00000000d5d80000, 0x00000000d7900000, 0x0000000100000000)
  eden space 24064K, 0% used [0x00000000d5d80000,0x00000000d5d80000,0x00000000d7500000)
  from space 2048K, 1% used [0x00000000d7500000,0x00000000d7508000,0x00000000d7700000)
  to   space 2048K, 0% used [0x00000000d7700000,0x00000000d7700000,0x00000000d7900000)
 ParOldGen       total 87552K, used 3000K [0x0000000081800000, 0x0000000086d80000, 0x00000000d5d80000)
  object space 87552K, 3% used [0x0000000081800000,0x0000000081aee208,0x0000000086d80000)
 Metaspace       used 9474K, capacity 9583K, committed 9728K, reserved 1058816K
  class space    used 957K, capacity 994K, committed 1024K, reserved 1048576K
}
Event: 11887.028 GC heap before
{Heap before GC invocations=40 (full 0):
 PSYoungGen      total 26112K, used 24096K [0x00000000d5d80000, 0x00000000d7900000, 0x0000000100000000)
  eden space 24064K, 100% used [0x00000000d5d80000,0x00000000d7500000,0x00000000d7500000)
  from space 2048K, 1% used [0x00000000d7500000,0x00000000d7508000,0x00000000d7700000)
  to   space 2048K, 0% used [0x00000000d7700000,0x00000000d7700000,0x00000000d7900000)
 ParOldGen       total 87552K, used 3000K [0x0000000081800000, 0x0000000086d80000, 0x00000000d5d80000)
  object space 87552K, 3% used [0x0000000081800000,0x0000000081aee208,0x0000000086d80000)
 Metaspace       used 9474K, capacity 9583K, committed 9728K, reserved 1058816K
  class space    used 957K, capacity 994K, committed 1024K, reserved 1048576K
Event: 11887.029 GC heap after
Heap after GC invocations=40 (full 0):
 PSYoungGen      total 25088K, used 64K [0x00000000d5d80000, 0x00000000d7800000, 0x0000000100000000)
  eden space 24064K, 0% used [0x00000000d5d80000,0x00000000d5d80000,0x00000000d7500000)
  from space 1024K, 6% used [0x00000000d7700000,0x00000000d7710000,0x00000000d7800000)
  to   space 1536K, 0% used [0x00000000d7500000,0x00000000d7500000,0x00000000d7680000)
 ParOldGen       total 87552K, used 3000K [0x0000000081800000, 0x0000000086d80000, 0x00000000d5d80000)
  object space 87552K, 3% used [0x0000000081800000,0x0000000081aee208,0x0000000086d80000)
 Metaspace       used 9474K, capacity 9583K, committed 9728K, reserved 1058816K
  class space    used 957K, capacity 994K, committed 1024K, reserved 1048576K
}

