# JRE version: Java(TM) SE Runtime Environment (8.0_31-b13) (build 1.8.0_31-b13)
# Java VM: Java HotSpot(TM) 64-Bit Server VM (25.31-b07 mixed mode bsd-amd64 compressed oops)
Heap:
 PSYoungGen      total 98304K, used 91403K [0x0000000795580000, 0x000000079c480000, 0x00000007c0000000)
  eden space 93696K, 92% used [0x0000000795580000,0x000000079aa5aec8,0x000000079b100000)
  from space 4608K, 97% used [0x000000079bb80000,0x000000079bfe8040,0x000000079c000000)
  to   space 4608K, 0% used [0x000000079c000000,0x000000079c000000,0x000000079c480000)
 ParOldGen       total 87552K, used 15826K [0x0000000740000000, 0x0000000745580000, 0x0000000795580000)
  object space 87552K, 18% used [0x0000000740000000,0x0000000740f74840,0x0000000745580000)
 Metaspace       used 10522K, capacity 10657K, committed 10880K, reserved 1058816K
  class space    used 1070K, capacity 1117K, committed 1152K, reserved 1048576K
GC Heap History (10 events):
Event: 537.175 GC heap before
{Heap before GC invocations=147 (full 0):
 PSYoungGen      total 119296K, used 116096K [0x0000000795580000, 0x000000079d080000, 0x00000007c0000000)
  eden space 112640K, 100% used [0x0000000795580000,0x000000079c380000,0x000000079c380000)
  from space 6656K, 51% used [0x000000079ca00000,0x000000079cd60030,0x000000079d080000)
  to   space 6656K, 0% used [0x000000079c380000,0x000000079c380000,0x000000079ca00000)
 ParOldGen       total 87552K, used 15754K [0x0000000740000000, 0x0000000745580000, 0x0000000795580000)
  object space 87552K, 17% used [0x0000000740000000,0x0000000740f62840,0x0000000745580000)
 Metaspace       used 10465K, capacity 10593K, committed 10880K, reserved 1058816K
  class space    used 1069K, capacity 1117K, committed 1152K, reserved 1048576K
Event: 537.179 GC heap after
Heap after GC invocations=147 (full 0):
 PSYoungGen      total 113152K, used 4512K [0x0000000795580000, 0x000000079cc80000, 0x00000007c0000000)
  eden space 108544K, 0% used [0x0000000795580000,0x0000000795580000,0x000000079bf80000)
  from space 4608K, 97% used [0x000000079c380000,0x000000079c7e8040,0x000000079c800000)
  to   space 4608K, 0% used [0x000000079c800000,0x000000079c800000,0x000000079cc80000)
 ParOldGen       total 87552K, used 15762K [0x0000000740000000, 0x0000000745580000, 0x0000000795580000)
  object space 87552K, 18% used [0x0000000740000000,0x0000000740f64840,0x0000000745580000)
 Metaspace       used 10465K, capacity 10593K, committed 10880K, reserved 1058816K
  class space    used 1069K, capacity 1117K, committed 1152K, reserved 1048576K
}
Event: 537.643 GC heap before
{Heap before GC invocations=148 (full 0):
 PSYoungGen      total 113152K, used 113056K [0x0000000795580000, 0x000000079cc80000, 0x00000007c0000000)
  eden space 108544K, 100% used [0x0000000795580000,0x000000079bf80000,0x000000079bf80000)
  from space 4608K, 97% used [0x000000079c380000,0x000000079c7e8040,0x000000079c800000)
  to   space 4608K, 0% used [0x000000079c800000,0x000000079c800000,0x000000079cc80000)
 ParOldGen       total 87552K, used 15762K [0x0000000740000000, 0x0000000745580000, 0x0000000795580000)
  object space 87552K, 18% used [0x0000000740000000,0x0000000740f64840,0x0000000745580000)
 Metaspace       used 10465K, capacity 10593K, committed 10880K, reserved 1058816K
  class space    used 1069K, capacity 1117K, committed 1152K, reserved 1048576K
Event: 537.647 GC heap after
Heap after GC invocations=148 (full 0):
 PSYoungGen      total 109056K, used 4544K [0x0000000795580000, 0x000000079cc80000, 0x00000007c0000000)
  eden space 104448K, 0% used [0x0000000795580000,0x0000000795580000,0x000000079bb80000)
  from space 4608K, 98% used [0x000000079c800000,0x000000079cc70040,0x000000079cc80000)
  to   space 6144K, 0% used [0x000000079c080000,0x000000079c080000,0x000000079c680000)
 ParOldGen       total 87552K, used 15778K [0x0000000740000000, 0x0000000745580000, 0x0000000795580000)
  object space 87552K, 18% used [0x0000000740000000,0x0000000740f68840,0x0000000745580000)
 Metaspace       used 10465K, capacity 10593K, committed 10880K, reserved 1058816K
  class space    used 1069K, capacity 1117K, committed 1152K, reserved 1048576K
}
Event: 538.072 GC heap before
{Heap before GC invocations=149 (full 0):
 PSYoungGen      total 109056K, used 108992K [0x0000000795580000, 0x000000079cc80000, 0x00000007c0000000)
  eden space 104448K, 100% used [0x0000000795580000,0x000000079bb80000,0x000000079bb80000)
  from space 4608K, 98% used [0x000000079c800000,0x000000079cc70040,0x000000079cc80000)
  to   space 6144K, 0% used [0x000000079c080000,0x000000079c080000,0x000000079c680000)
 ParOldGen       total 87552K, used 15778K [0x0000000740000000, 0x0000000745580000, 0x0000000795580000)
  object space 87552K, 18% used [0x0000000740000000,0x0000000740f68840,0x0000000745580000)
 Metaspace       used 10465K, capacity 10593K, committed 10880K, reserved 1058816K
  class space    used 1069K, capacity 1117K, committed 1152K, reserved 1048576K
Event: 538.075 GC heap after
Heap after GC invocations=149 (full 0):
 PSYoungGen      total 104448K, used 3456K [0x0000000795580000, 0x000000079c880000, 0x00000007c0000000)
  eden space 100864K, 0% used [0x0000000795580000,0x0000000795580000,0x000000079b800000)
  from space 3584K, 96% used [0x000000079c080000,0x000000079c3e0030,0x000000079c400000)
  to   space 4608K, 0% used [0x000000079c400000,0x000000079c400000,0x000000079c880000)
 ParOldGen       total 87552K, used 15794K [0x0000000740000000, 0x0000000745580000, 0x0000000795580000)
  object space 87552K, 18% used [0x0000000740000000,0x0000000740f6c840,0x0000000745580000)
 Metaspace       used 10465K, capacity 10593K, committed 10880K, reserved 1058816K
  class space    used 1069K, capacity 1117K, committed 1152K, reserved 1048576K
}
Event: 538.514 GC heap before
{Heap before GC invocations=150 (full 0):
 PSYoungGen      total 104448K, used 104320K [0x0000000795580000, 0x000000079c880000, 0x00000007c0000000)
  eden space 100864K, 100% used [0x0000000795580000,0x000000079b800000,0x000000079b800000)
  from space 3584K, 96% used [0x000000079c080000,0x000000079c3e0030,0x000000079c400000)
  to   space 4608K, 0% used [0x000000079c400000,0x000000079c400000,0x000000079c880000)
 ParOldGen       total 87552K, used 15794K [0x0000000740000000, 0x0000000745580000, 0x0000000795580000)
  object space 87552K, 18% used [0x0000000740000000,0x0000000740f6c840,0x0000000745580000)
 Metaspace       used 10465K, capacity 10593K, committed 10880K, reserved 1058816K
  class space    used 1069K, capacity 1117K, committed 1152K, reserved 1048576K
Event: 538.516 GC heap after
Heap after GC invocations=150 (full 0):
 PSYoungGen      total 100864K, used 3456K [0x0000000795580000, 0x000000079c780000, 0x00000007c0000000)
  eden space 97280K, 0% used [0x0000000795580000,0x0000000795580000,0x000000079b480000)
  from space 3584K, 96% used [0x000000079c400000,0x000000079c760030,0x000000079c780000)
  to   space 6144K, 0% used [0x000000079bb80000,0x000000079bb80000,0x000000079c180000)
 ParOldGen       total 87552K, used 15810K [0x0000000740000000, 0x0000000745580000, 0x0000000795580000)
  object space 87552K, 18% used [0x0000000740000000,0x0000000740f70840,0x0000000745580000)
 Metaspace       used 10465K, capacity 10593K, committed 10880K, reserved 1058816K
  class space    used 1069K, capacity 1117K, committed 1152K, reserved 1048576K
}
Event: 538.939 GC heap before
{Heap before GC invocations=151 (full 0):
 PSYoungGen      total 100864K, used 100736K [0x0000000795580000, 0x000000079c780000, 0x00000007c0000000)
  eden space 97280K, 100% used [0x0000000795580000,0x000000079b480000,0x000000079b480000)
  from space 3584K, 96% used [0x000000079c400000,0x000000079c760030,0x000000079c780000)
  to   space 6144K, 0% used [0x000000079bb80000,0x000000079bb80000,0x000000079c180000)
 ParOldGen       total 87552K, used 15810K [0x0000000740000000, 0x0000000745580000, 0x0000000795580000)
  object space 87552K, 18% used [0x0000000740000000,0x0000000740f70840,0x0000000745580000)
 Metaspace       used 10465K, capacity 10593K, committed 10880K, reserved 1058816K
  class space    used 1069K, capacity 1117K, committed 1152K, reserved 1048576K
Event: 538.942 GC heap after
Heap after GC invocations=151 (full 0):
 PSYoungGen      total 98304K, used 4512K [0x0000000795580000, 0x000000079c480000, 0x00000007c0000000)
  eden space 93696K, 0% used [0x0000000795580000,0x0000000795580000,0x000000079b100000)
  from space 4608K, 97% used [0x000000079bb80000,0x000000079bfe8040,0x000000079c000000)
  to   space 4608K, 0% used [0x000000079c000000,0x000000079c000000,0x000000079c480000)
 ParOldGen       total 87552K, used 15826K [0x0000000740000000, 0x0000000745580000, 0x0000000795580000)
  object space 87552K, 18% used [0x0000000740000000,0x0000000740f74840,0x0000000745580000)
 Metaspace       used 10465K, capacity 10593K, committed 10880K, reserved 1058816K
  class space    used 1069K, capacity 1117K, committed 1152K, reserved 1048576K
}

