# JRE version: Java(TM) SE Runtime Environment (8.0_31-b13) (build 1.8.0_31-b13)
# Java VM: Java HotSpot(TM) 64-Bit Server VM (25.31-b07 mixed mode bsd-amd64 compressed oops)
Heap:
 PSYoungGen      total 344064K, used 295978K [0x0000000795580000, 0x00000007ab180000, 0x00000007c0000000)
  eden space 333312K, 88% used [0x0000000795580000,0x00000007a75f28f8,0x00000007a9b00000)
  from space 10752K, 5% used [0x00000007aa600000,0x00000007aa698000,0x00000007ab080000)
  to   space 11264K, 0% used [0x00000007a9b00000,0x00000007a9b00000,0x00000007aa600000)
 ParOldGen       total 87552K, used 17584K [0x0000000740000000, 0x0000000745580000, 0x0000000795580000)
  object space 87552K, 20% used [0x0000000740000000,0x000000074112c3b8,0x0000000745580000)
 Metaspace       used 10389K, capacity 10529K, committed 10624K, reserved 1058816K
  class space    used 1070K, capacity 1117K, committed 1152K, reserved 1048576K
GC Heap History (10 events):
Event: 9.256 GC heap before
{Heap before GC invocations=8 (full 0):
 PSYoungGen      total 76800K, used 70944K [0x0000000795580000, 0x000000079ea80000, 0x00000007c0000000)
  eden space 65536K, 100% used [0x0000000795580000,0x0000000799580000,0x0000000799580000)
  from space 11264K, 48% used [0x0000000799580000,0x0000000799ac8050,0x000000079a080000)
  to   space 10752K, 0% used [0x000000079e000000,0x000000079e000000,0x000000079ea80000)
 ParOldGen       total 87552K, used 14360K [0x0000000740000000, 0x0000000745580000, 0x0000000795580000)
  object space 87552K, 16% used [0x0000000740000000,0x0000000740e06378,0x0000000745580000)
 Metaspace       used 10179K, capacity 10337K, committed 10624K, reserved 1058816K
  class space    used 1068K, capacity 1117K, committed 1152K, reserved 1048576K
Event: 9.259 GC heap after
Heap after GC invocations=8 (full 0):
 PSYoungGen      total 141312K, used 3424K [0x0000000795580000, 0x000000079eb80000, 0x00000007c0000000)
  eden space 130560K, 0% used [0x0000000795580000,0x0000000795580000,0x000000079d500000)
  from space 10752K, 31% used [0x000000079e000000,0x000000079e358030,0x000000079ea80000)
  to   space 11264K, 0% used [0x000000079d500000,0x000000079d500000,0x000000079e000000)
 ParOldGen       total 87552K, used 14384K [0x0000000740000000, 0x0000000745580000, 0x0000000795580000)
  object space 87552K, 16% used [0x0000000740000000,0x0000000740e0c378,0x0000000745580000)
 Metaspace       used 10179K, capacity 10337K, committed 10624K, reserved 1058816K
  class space    used 1068K, capacity 1117K, committed 1152K, reserved 1048576K
}
Event: 9.935 GC heap before
{Heap before GC invocations=9 (full 0):
 PSYoungGen      total 141312K, used 133984K [0x0000000795580000, 0x000000079eb80000, 0x00000007c0000000)
  eden space 130560K, 100% used [0x0000000795580000,0x000000079d500000,0x000000079d500000)
  from space 10752K, 31% used [0x000000079e000000,0x000000079e358030,0x000000079ea80000)
  to   space 11264K, 0% used [0x000000079d500000,0x000000079d500000,0x000000079e000000)
 ParOldGen       total 87552K, used 14384K [0x0000000740000000, 0x0000000745580000, 0x0000000795580000)
  object space 87552K, 16% used [0x0000000740000000,0x0000000740e0c378,0x0000000745580000)
 Metaspace       used 10185K, capacity 10337K, committed 10624K, reserved 1058816K
  class space    used 1068K, capacity 1117K, committed 1152K, reserved 1048576K
Event: 9.940 GC heap after
Heap after GC invocations=9 (full 0):
 PSYoungGen      total 141824K, used 7648K [0x0000000795580000, 0x00000007a3780000, 0x00000007c0000000)
  eden space 130560K, 0% used [0x0000000795580000,0x0000000795580000,0x000000079d500000)
  from space 11264K, 67% used [0x000000079d500000,0x000000079dc78070,0x000000079e000000)
  to   space 11264K, 0% used [0x00000007a2c80000,0x00000007a2c80000,0x00000007a3780000)
 ParOldGen       total 87552K, used 14392K [0x0000000740000000, 0x0000000745580000, 0x0000000795580000)
  object space 87552K, 16% used [0x0000000740000000,0x0000000740e0e378,0x0000000745580000)
 Metaspace       used 10185K, capacity 10337K, committed 10624K, reserved 1058816K
  class space    used 1068K, capacity 1117K, committed 1152K, reserved 1048576K
}
Event: 10.667 GC heap before
{Heap before GC invocations=10 (full 0):
 PSYoungGen      total 141824K, used 138208K [0x0000000795580000, 0x00000007a3780000, 0x00000007c0000000)
  eden space 130560K, 100% used [0x0000000795580000,0x000000079d500000,0x000000079d500000)
  from space 11264K, 67% used [0x000000079d500000,0x000000079dc78070,0x000000079e000000)
  to   space 11264K, 0% used [0x00000007a2c80000,0x00000007a2c80000,0x00000007a3780000)
 ParOldGen       total 87552K, used 14392K [0x0000000740000000, 0x0000000745580000, 0x0000000795580000)
  object space 87552K, 16% used [0x0000000740000000,0x0000000740e0e378,0x0000000745580000)
 Metaspace       used 10195K, capacity 10337K, committed 10624K, reserved 1058816K
  class space    used 1068K, capacity 1117K, committed 1152K, reserved 1048576K
Event: 10.671 GC heap after
Heap after GC invocations=10 (full 0):
 PSYoungGen      total 219648K, used 1504K [0x0000000795580000, 0x00000007a3880000, 0x00000007c0000000)
  eden space 208384K, 0% used [0x0000000795580000,0x0000000795580000,0x00000007a2100000)
  from space 11264K, 13% used [0x00000007a2c80000,0x00000007a2df8010,0x00000007a3780000)
  to   space 11776K, 0% used [0x00000007a2100000,0x00000007a2100000,0x00000007a2c80000)
 ParOldGen       total 87552K, used 14408K [0x0000000740000000, 0x0000000745580000, 0x0000000795580000)
  object space 87552K, 16% used [0x0000000740000000,0x0000000740e12378,0x0000000745580000)
 Metaspace       used 10195K, capacity 10337K, committed 10624K, reserved 1058816K
  class space    used 1068K, capacity 1117K, committed 1152K, reserved 1048576K
}
Event: 11.759 GC heap before
{Heap before GC invocations=11 (full 0):
 PSYoungGen      total 219648K, used 209888K [0x0000000795580000, 0x00000007a3880000, 0x00000007c0000000)
  eden space 208384K, 100% used [0x0000000795580000,0x00000007a2100000,0x00000007a2100000)
  from space 11264K, 13% used [0x00000007a2c80000,0x00000007a2df8010,0x00000007a3780000)
  to   space 11776K, 0% used [0x00000007a2100000,0x00000007a2100000,0x00000007a2c80000)
 ParOldGen       total 87552K, used 14408K [0x0000000740000000, 0x0000000745580000, 0x0000000795580000)
  object space 87552K, 16% used [0x0000000740000000,0x0000000740e12378,0x0000000745580000)
 Metaspace       used 10200K, capacity 10337K, committed 10624K, reserved 1058816K
  class space    used 1068K, capacity 1117K, committed 1152K, reserved 1048576K
Event: 11.765 GC heap after
Heap after GC invocations=11 (full 0):
 PSYoungGen      total 220160K, used 5840K [0x0000000795580000, 0x00000007ab080000, 0x00000007c0000000)
  eden space 208384K, 0% used [0x0000000795580000,0x0000000795580000,0x00000007a2100000)
  from space 11776K, 49% used [0x00000007a2100000,0x00000007a26b4060,0x00000007a2c80000)
  to   space 10752K, 0% used [0x00000007aa600000,0x00000007aa600000,0x00000007ab080000)
 ParOldGen       total 87552K, used 14432K [0x0000000740000000, 0x0000000745580000, 0x0000000795580000)
  object space 87552K, 16% used [0x0000000740000000,0x0000000740e18378,0x0000000745580000)
 Metaspace       used 10200K, capacity 10337K, committed 10624K, reserved 1058816K
  class space    used 1068K, capacity 1117K, committed 1152K, reserved 1048576K
}
Event: 12.674 GC heap before
{Heap before GC invocations=12 (full 0):
 PSYoungGen      total 220160K, used 214224K [0x0000000795580000, 0x00000007ab080000, 0x00000007c0000000)
  eden space 208384K, 100% used [0x0000000795580000,0x00000007a2100000,0x00000007a2100000)
  from space 11776K, 49% used [0x00000007a2100000,0x00000007a26b4060,0x00000007a2c80000)
  to   space 10752K, 0% used [0x00000007aa600000,0x00000007aa600000,0x00000007ab080000)
 ParOldGen       total 87552K, used 14432K [0x0000000740000000, 0x0000000745580000, 0x0000000795580000)
  object space 87552K, 16% used [0x0000000740000000,0x0000000740e18378,0x0000000745580000)
 Metaspace       used 10204K, capacity 10337K, committed 10624K, reserved 1058816K
  class space    used 1068K, capacity 1117K, committed 1152K, reserved 1048576K
Event: 12.678 GC heap after
Heap after GC invocations=12 (full 0):
 PSYoungGen      total 344064K, used 608K [0x0000000795580000, 0x00000007ab180000, 0x00000007c0000000)
  eden space 333312K, 0% used [0x0000000795580000,0x0000000795580000,0x00000007a9b00000)
  from space 10752K, 5% used [0x00000007aa600000,0x00000007aa698000,0x00000007ab080000)
  to   space 11264K, 0% used [0x00000007a9b00000,0x00000007a9b00000,0x00000007aa600000)
 ParOldGen       total 87552K, used 17584K [0x0000000740000000, 0x0000000745580000, 0x0000000795580000)
  object space 87552K, 20% used [0x0000000740000000,0x000000074112c3b8,0x0000000745580000)
 Metaspace       used 10204K, capacity 10337K, committed 10624K, reserved 1058816K
  class space    used 1068K, capacity 1117K, committed 1152K, reserved 1048576K
}

