# JRE version: Java(TM) SE Runtime Environment (8.0_31-b13) (build 1.8.0_31-b13)
# Java VM: Java HotSpot(TM) 64-Bit Server VM (25.31-b07 mixed mode bsd-amd64 compressed oops)
Heap:
 PSYoungGen      total 411136K, used 383689K [0x0000000175980000, 0x0000000190380000, 0x00000001a0400000)
  eden space 404480K, 93% used [0x0000000175980000,0x000000018c9da698,0x000000018e480000)
  from space 6656K, 97% used [0x000000018f780000,0x000000018fdd8060,0x000000018fe00000)
  to   space 5632K, 0% used [0x000000018fe00000,0x000000018fe00000,0x0000000190380000)
 ParOldGen       total 87552K, used 11327K [0x0000000120400000, 0x0000000125980000, 0x0000000175980000)
  object space 87552K, 12% used [0x0000000120400000,0x0000000120f0fed8,0x0000000125980000)
 Metaspace       used 10245K, capacity 10393K, committed 10624K, reserved 1058816K
  class space    used 1070K, capacity 1117K, committed 1152K, reserved 1048576K
GC Heap History (10 events):
Event: 6.038 GC heap before
{Heap before GC invocations=7 (full 0):
 PSYoungGen      total 143872K, used 140816K [0x0000000175980000, 0x000000017f280000, 0x00000001a0400000)
  eden space 132608K, 100% used [0x0000000175980000,0x000000017db00000,0x000000017db00000)
  from space 11264K, 72% used [0x000000017e680000,0x000000017ee84060,0x000000017f180000)
  to   space 11776K, 0% used [0x000000017db00000,0x000000017db00000,0x000000017e680000)
 ParOldGen       total 87552K, used 8391K [0x0000000120400000, 0x0000000125980000, 0x0000000175980000)
  object space 87552K, 9% used [0x0000000120400000,0x0000000120c31c48,0x0000000125980000)
 Metaspace       used 10173K, capacity 10329K, committed 10368K, reserved 1058816K
  class space    used 1069K, capacity 1117K, committed 1152K, reserved 1048576K
Event: 6.047 GC heap after
Heap after GC invocations=7 (full 0):
 PSYoungGen      total 144384K, used 3608K [0x0000000175980000, 0x0000000187380000, 0x00000001a0400000)
  eden space 132608K, 0% used [0x0000000175980000,0x0000000175980000,0x000000017db00000)
  from space 11776K, 30% used [0x000000017db00000,0x000000017de86040,0x000000017e680000)
  to   space 11776K, 0% used [0x0000000186800000,0x0000000186800000,0x0000000187380000)
 ParOldGen       total 87552K, used 11219K [0x0000000120400000, 0x0000000125980000, 0x0000000175980000)
  object space 87552K, 12% used [0x0000000120400000,0x0000000120ef4ec8,0x0000000125980000)
 Metaspace       used 10173K, capacity 10329K, committed 10368K, reserved 1058816K
  class space    used 1069K, capacity 1117K, committed 1152K, reserved 1048576K
}
Event: 6.645 GC heap before
{Heap before GC invocations=8 (full 0):
 PSYoungGen      total 144384K, used 136216K [0x0000000175980000, 0x0000000187380000, 0x00000001a0400000)
  eden space 132608K, 100% used [0x0000000175980000,0x000000017db00000,0x000000017db00000)
  from space 11776K, 30% used [0x000000017db00000,0x000000017de86040,0x000000017e680000)
  to   space 11776K, 0% used [0x0000000186800000,0x0000000186800000,0x0000000187380000)
 ParOldGen       total 87552K, used 11219K [0x0000000120400000, 0x0000000125980000, 0x0000000175980000)
  object space 87552K, 12% used [0x0000000120400000,0x0000000120ef4ec8,0x0000000125980000)
 Metaspace       used 10178K, capacity 10329K, committed 10368K, reserved 1058816K
  class space    used 1069K, capacity 1117K, committed 1152K, reserved 1048576K
Event: 6.647 GC heap after
Heap after GC invocations=8 (full 0):
 PSYoungGen      total 276480K, used 472K [0x0000000175980000, 0x0000000187480000, 0x00000001a0400000)
  eden space 264704K, 0% used [0x0000000175980000,0x0000000175980000,0x0000000185c00000)
  from space 11776K, 4% used [0x0000000186800000,0x0000000186876010,0x0000000187380000)
  to   space 12288K, 0% used [0x0000000185c00000,0x0000000185c00000,0x0000000186800000)
 ParOldGen       total 87552K, used 11263K [0x0000000120400000, 0x0000000125980000, 0x0000000175980000)
  object space 87552K, 12% used [0x0000000120400000,0x0000000120effed8,0x0000000125980000)
 Metaspace       used 10178K, capacity 10329K, committed 10368K, reserved 1058816K
  class space    used 1069K, capacity 1117K, committed 1152K, reserved 1048576K
}
Event: 7.841 GC heap before
{Heap before GC invocations=9 (full 0):
 PSYoungGen      total 276480K, used 265176K [0x0000000175980000, 0x0000000187480000, 0x00000001a0400000)
  eden space 264704K, 100% used [0x0000000175980000,0x0000000185c00000,0x0000000185c00000)
  from space 11776K, 4% used [0x0000000186800000,0x0000000186876010,0x0000000187380000)
  to   space 12288K, 0% used [0x0000000185c00000,0x0000000185c00000,0x0000000186800000)
 ParOldGen       total 87552K, used 11263K [0x0000000120400000, 0x0000000125980000, 0x0000000175980000)
  object space 87552K, 12% used [0x0000000120400000,0x0000000120effed8,0x0000000125980000)
 Metaspace       used 10194K, capacity 10329K, committed 10368K, reserved 1058816K
  class space    used 1069K, capacity 1117K, committed 1152K, reserved 1048576K
Event: 7.845 GC heap after
Heap after GC invocations=9 (full 0):
 PSYoungGen      total 276992K, used 4016K [0x0000000175980000, 0x0000000190e80000, 0x00000001a0400000)
  eden space 264704K, 0% used [0x0000000175980000,0x0000000175980000,0x0000000185c00000)
  from space 12288K, 32% used [0x0000000185c00000,0x0000000185fec040,0x0000000186800000)
  to   space 11776K, 0% used [0x0000000190300000,0x0000000190300000,0x0000000190e80000)
 ParOldGen       total 87552K, used 11287K [0x0000000120400000, 0x0000000125980000, 0x0000000175980000)
  object space 87552K, 12% used [0x0000000120400000,0x0000000120f05ed8,0x0000000125980000)
 Metaspace       used 10194K, capacity 10329K, committed 10368K, reserved 1058816K
  class space    used 1069K, capacity 1117K, committed 1152K, reserved 1048576K
}
Event: 8.835 GC heap before
{Heap before GC invocations=10 (full 0):
 PSYoungGen      total 276992K, used 268720K [0x0000000175980000, 0x0000000190e80000, 0x00000001a0400000)
  eden space 264704K, 100% used [0x0000000175980000,0x0000000185c00000,0x0000000185c00000)
  from space 12288K, 32% used [0x0000000185c00000,0x0000000185fec040,0x0000000186800000)
  to   space 11776K, 0% used [0x0000000190300000,0x0000000190300000,0x0000000190e80000)
 ParOldGen       total 87552K, used 11287K [0x0000000120400000, 0x0000000125980000, 0x0000000175980000)
  object space 87552K, 12% used [0x0000000120400000,0x0000000120f05ed8,0x0000000125980000)
 Metaspace       used 10197K, capacity 10329K, committed 10368K, reserved 1058816K
  class space    used 1069K, capacity 1117K, committed 1152K, reserved 1048576K
Event: 8.839 GC heap after
Heap after GC invocations=10 (full 0):
 PSYoungGen      total 434688K, used 5008K [0x0000000175980000, 0x0000000190d80000, 0x00000001a0400000)
  eden space 423936K, 0% used [0x0000000175980000,0x0000000175980000,0x000000018f780000)
  from space 10752K, 46% used [0x0000000190300000,0x00000001907e4050,0x0000000190d80000)
  to   space 11264K, 0% used [0x000000018f780000,0x000000018f780000,0x0000000190280000)
 ParOldGen       total 87552K, used 11303K [0x0000000120400000, 0x0000000125980000, 0x0000000175980000)
  object space 87552K, 12% used [0x0000000120400000,0x0000000120f09ed8,0x0000000125980000)
 Metaspace       used 10197K, capacity 10329K, committed 10368K, reserved 1058816K
  class space    used 1069K, capacity 1117K, committed 1152K, reserved 1048576K
}
Event: 10.554 GC heap before
{Heap before GC invocations=11 (full 0):
 PSYoungGen      total 434688K, used 428944K [0x0000000175980000, 0x0000000190d80000, 0x00000001a0400000)
  eden space 423936K, 100% used [0x0000000175980000,0x000000018f780000,0x000000018f780000)
  from space 10752K, 46% used [0x0000000190300000,0x00000001907e4050,0x0000000190d80000)
  to   space 11264K, 0% used [0x000000018f780000,0x000000018f780000,0x0000000190280000)
 ParOldGen       total 87552K, used 11303K [0x0000000120400000, 0x0000000125980000, 0x0000000175980000)
  object space 87552K, 12% used [0x0000000120400000,0x0000000120f09ed8,0x0000000125980000)
 Metaspace       used 10234K, capacity 10393K, committed 10624K, reserved 1058816K
  class space    used 1069K, capacity 1117K, committed 1152K, reserved 1048576K
Event: 10.561 GC heap after
Heap after GC invocations=11 (full 0):
 PSYoungGen      total 411136K, used 6496K [0x0000000175980000, 0x0000000190380000, 0x00000001a0400000)
  eden space 404480K, 0% used [0x0000000175980000,0x0000000175980000,0x000000018e480000)
  from space 6656K, 97% used [0x000000018f780000,0x000000018fdd8060,0x000000018fe00000)
  to   space 5632K, 0% used [0x000000018fe00000,0x000000018fe00000,0x0000000190380000)
 ParOldGen       total 87552K, used 11327K [0x0000000120400000, 0x0000000125980000, 0x0000000175980000)
  object space 87552K, 12% used [0x0000000120400000,0x0000000120f0fed8,0x0000000125980000)
 Metaspace       used 10234K, capacity 10393K, committed 10624K, reserved 1058816K
  class space    used 1069K, capacity 1117K, committed 1152K, reserved 1048576K
}

