# JRE version: Java(TM) SE Runtime Environment (8.0_31-b13) (build 1.8.0_31-b13)
# Java VM: Java HotSpot(TM) 64-Bit Server VM (25.31-b07 mixed mode bsd-amd64 compressed oops)
Heap:
 PSYoungGen      total 273920K, used 67769K [0x0000000795580000, 0x00000007b0680000, 0x00000007c0000000)
  eden space 264192K, 24% used [0x0000000795580000,0x00000007995da6e8,0x00000007a5780000)
  from space 9728K, 19% used [0x00000007a5780000,0x00000007a5954020,0x00000007a6100000)
  to   space 10240K, 0% used [0x00000007afc80000,0x00000007afc80000,0x00000007b0680000)
 ParOldGen       total 87552K, used 11345K [0x0000000740000000, 0x0000000745580000, 0x0000000795580000)
  object space 87552K, 12% used [0x0000000740000000,0x0000000740b14748,0x0000000745580000)
 Metaspace       used 10331K, capacity 10465K, committed 10624K, reserved 1058816K
  class space    used 1070K, capacity 1117K, committed 1152K, reserved 1048576K
GC Heap History (10 events):
Event: 7.215 GC heap before
{Heap before GC invocations=5 (full 0):
 PSYoungGen      total 71680K, used 70832K [0x0000000795580000, 0x000000079a080000, 0x00000007c0000000)
  eden space 66560K, 100% used [0x0000000795580000,0x0000000799680000,0x0000000799680000)
  from space 5120K, 83% used [0x0000000799b80000,0x0000000799fac030,0x000000079a080000)
  to   space 5120K, 0% used [0x0000000799680000,0x0000000799680000,0x0000000799b80000)
 ParOldGen       total 87552K, used 6178K [0x0000000740000000, 0x0000000745580000, 0x0000000795580000)
  object space 87552K, 7% used [0x0000000740000000,0x0000000740608960,0x0000000745580000)
 Metaspace       used 10156K, capacity 10337K, committed 10624K, reserved 1058816K
  class space    used 1066K, capacity 1117K, committed 1152K, reserved 1048576K
Event: 7.222 GC heap after
Heap after GC invocations=5 (full 0):
 PSYoungGen      total 71680K, used 5088K [0x0000000795580000, 0x000000079e880000, 0x00000007c0000000)
  eden space 66560K, 0% used [0x0000000795580000,0x0000000795580000,0x0000000799680000)
  from space 5120K, 99% used [0x0000000799680000,0x0000000799b78050,0x0000000799b80000)
  to   space 8704K, 0% used [0x000000079e000000,0x000000079e000000,0x000000079e880000)
 ParOldGen       total 87552K, used 8446K [0x0000000740000000, 0x0000000745580000, 0x0000000795580000)
  object space 87552K, 9% used [0x0000000740000000,0x000000074083f990,0x0000000745580000)
 Metaspace       used 10156K, capacity 10337K, committed 10624K, reserved 1058816K
  class space    used 1066K, capacity 1117K, committed 1152K, reserved 1048576K
}
Event: 7.483 GC heap before
{Heap before GC invocations=6 (full 0):
 PSYoungGen      total 71680K, used 71648K [0x0000000795580000, 0x000000079e880000, 0x00000007c0000000)
  eden space 66560K, 100% used [0x0000000795580000,0x0000000799680000,0x0000000799680000)
  from space 5120K, 99% used [0x0000000799680000,0x0000000799b78050,0x0000000799b80000)
  to   space 8704K, 0% used [0x000000079e000000,0x000000079e000000,0x000000079e880000)
 ParOldGen       total 87552K, used 8446K [0x0000000740000000, 0x0000000745580000, 0x0000000795580000)
  object space 87552K, 9% used [0x0000000740000000,0x000000074083f990,0x0000000745580000)
 Metaspace       used 10161K, capacity 10337K, committed 10624K, reserved 1058816K
  class space    used 1066K, capacity 1117K, committed 1152K, reserved 1048576K
Event: 7.489 GC heap after
Heap after GC invocations=6 (full 0):
 PSYoungGen      total 140800K, used 8208K [0x0000000795580000, 0x000000079ea80000, 0x00000007c0000000)
  eden space 132096K, 0% used [0x0000000795580000,0x0000000795580000,0x000000079d680000)
  from space 8704K, 94% used [0x000000079e000000,0x000000079e804070,0x000000079e880000)
  to   space 9728K, 0% used [0x000000079d680000,0x000000079d680000,0x000000079e000000)
 ParOldGen       total 87552K, used 8454K [0x0000000740000000, 0x0000000745580000, 0x0000000795580000)
  object space 87552K, 9% used [0x0000000740000000,0x0000000740841990,0x0000000745580000)
 Metaspace       used 10161K, capacity 10337K, committed 10624K, reserved 1058816K
  class space    used 1066K, capacity 1117K, committed 1152K, reserved 1048576K
}
Event: 8.209 GC heap before
{Heap before GC invocations=7 (full 0):
 PSYoungGen      total 140800K, used 140304K [0x0000000795580000, 0x000000079ea80000, 0x00000007c0000000)
  eden space 132096K, 100% used [0x0000000795580000,0x000000079d680000,0x000000079d680000)
  from space 8704K, 94% used [0x000000079e000000,0x000000079e804070,0x000000079e880000)
  to   space 9728K, 0% used [0x000000079d680000,0x000000079d680000,0x000000079e000000)
 ParOldGen       total 87552K, used 8454K [0x0000000740000000, 0x0000000745580000, 0x0000000795580000)
  object space 87552K, 9% used [0x0000000740000000,0x0000000740841990,0x0000000745580000)
 Metaspace       used 10173K, capacity 10337K, committed 10624K, reserved 1058816K
  class space    used 1066K, capacity 1117K, committed 1152K, reserved 1048576K
Event: 8.217 GC heap after
Heap after GC invocations=7 (full 0):
 PSYoungGen      total 141824K, used 6656K [0x0000000795580000, 0x00000007a6a80000, 0x00000007c0000000)
  eden space 132096K, 0% used [0x0000000795580000,0x0000000795580000,0x000000079d680000)
  from space 9728K, 68% used [0x000000079d680000,0x000000079dd00060,0x000000079e000000)
  to   space 9728K, 0% used [0x00000007a6100000,0x00000007a6100000,0x00000007a6a80000)
 ParOldGen       total 87552K, used 10265K [0x0000000740000000, 0x0000000745580000, 0x0000000795580000)
  object space 87552K, 11% used [0x0000000740000000,0x0000000740a06738,0x0000000745580000)
 Metaspace       used 10173K, capacity 10337K, committed 10624K, reserved 1058816K
  class space    used 1066K, capacity 1117K, committed 1152K, reserved 1048576K
}
Event: 8.875 GC heap before
{Heap before GC invocations=8 (full 0):
 PSYoungGen      total 141824K, used 138752K [0x0000000795580000, 0x00000007a6a80000, 0x00000007c0000000)
  eden space 132096K, 100% used [0x0000000795580000,0x000000079d680000,0x000000079d680000)
  from space 9728K, 68% used [0x000000079d680000,0x000000079dd00060,0x000000079e000000)
  to   space 9728K, 0% used [0x00000007a6100000,0x00000007a6100000,0x00000007a6a80000)
 ParOldGen       total 87552K, used 10265K [0x0000000740000000, 0x0000000745580000, 0x0000000795580000)
  object space 87552K, 11% used [0x0000000740000000,0x0000000740a06738,0x0000000745580000)
 Metaspace       used 10178K, capacity 10337K, committed 10624K, reserved 1058816K
  class space    used 1066K, capacity 1117K, committed 1152K, reserved 1048576K
Event: 8.878 GC heap after
Heap after GC invocations=8 (full 0):
 PSYoungGen      total 273920K, used 2560K [0x0000000795580000, 0x00000007a6a80000, 0x00000007c0000000)
  eden space 264192K, 0% used [0x0000000795580000,0x0000000795580000,0x00000007a5780000)
  from space 9728K, 26% used [0x00000007a6100000,0x00000007a6380020,0x00000007a6a80000)
  to   space 9728K, 0% used [0x00000007a5780000,0x00000007a5780000,0x00000007a6100000)
 ParOldGen       total 87552K, used 10297K [0x0000000740000000, 0x0000000745580000, 0x0000000795580000)
  object space 87552K, 11% used [0x0000000740000000,0x0000000740a0e738,0x0000000745580000)
 Metaspace       used 10178K, capacity 10337K, committed 10624K, reserved 1058816K
  class space    used 1066K, capacity 1117K, committed 1152K, reserved 1048576K
}
Event: 10.138 GC heap before
{Heap before GC invocations=9 (full 0):
 PSYoungGen      total 273920K, used 266752K [0x0000000795580000, 0x00000007a6a80000, 0x00000007c0000000)
  eden space 264192K, 100% used [0x0000000795580000,0x00000007a5780000,0x00000007a5780000)
  from space 9728K, 26% used [0x00000007a6100000,0x00000007a6380020,0x00000007a6a80000)
  to   space 9728K, 0% used [0x00000007a5780000,0x00000007a5780000,0x00000007a6100000)
 ParOldGen       total 87552K, used 10297K [0x0000000740000000, 0x0000000745580000, 0x0000000795580000)
  object space 87552K, 11% used [0x0000000740000000,0x0000000740a0e738,0x0000000745580000)
 Metaspace       used 10183K, capacity 10337K, committed 10624K, reserved 1058816K
  class space    used 1066K, capacity 1117K, committed 1152K, reserved 1048576K
Event: 10.142 GC heap after
Heap after GC invocations=9 (full 0):
 PSYoungGen      total 273920K, used 1872K [0x0000000795580000, 0x00000007b0680000, 0x00000007c0000000)
  eden space 264192K, 0% used [0x0000000795580000,0x0000000795580000,0x00000007a5780000)
  from space 9728K, 19% used [0x00000007a5780000,0x00000007a5954020,0x00000007a6100000)
  to   space 10240K, 0% used [0x00000007afc80000,0x00000007afc80000,0x00000007b0680000)
 ParOldGen       total 87552K, used 11345K [0x0000000740000000, 0x0000000745580000, 0x0000000795580000)
  object space 87552K, 12% used [0x0000000740000000,0x0000000740b14748,0x0000000745580000)
 Metaspace       used 10183K, capacity 10337K, committed 10624K, reserved 1058816K
  class space    used 1066K, capacity 1117K, committed 1152K, reserved 1048576K
}

