# JRE version: Java(TM) SE Runtime Environment (8.0_31-b13) (build 1.8.0_31-b13)
# Java VM: Java HotSpot(TM) 64-Bit Server VM (25.31-b07 mixed mode bsd-amd64 compressed oops)
Heap:
 PSYoungGen      total 222208K, used 215820K [0x0000000795580000, 0x00000007ab380000, 0x00000007c0000000)
  eden space 212480K, 98% used [0x0000000795580000,0x00000007a2287170,0x00000007a2500000)
  from space 9728K, 60% used [0x00000007a2500000,0x00000007a2abc060,0x00000007a2e80000)
  to   space 9216K, 0% used [0x00000007aaa80000,0x00000007aaa80000,0x00000007ab380000)
 ParOldGen       total 87552K, used 10465K [0x0000000740000000, 0x0000000745580000, 0x0000000795580000)
  object space 87552K, 11% used [0x0000000740000000,0x0000000740a38450,0x0000000745580000)
 Metaspace       used 10240K, capacity 10337K, committed 10624K, reserved 1058816K
  class space    used 1067K, capacity 1117K, committed 1152K, reserved 1048576K
GC Heap History (10 events):
Event: 10.112 GC heap before
{Heap before GC invocations=7 (full 0):
 PSYoungGen      total 75776K, used 73840K [0x0000000795580000, 0x000000079a880000, 0x00000007c0000000)
  eden space 66560K, 100% used [0x0000000795580000,0x0000000799680000,0x0000000799680000)
  from space 9216K, 78% used [0x0000000799f80000,0x000000079a69c060,0x000000079a880000)
  to   space 9216K, 0% used [0x0000000799680000,0x0000000799680000,0x0000000799f80000)
 ParOldGen       total 87552K, used 8372K [0x0000000740000000, 0x0000000745580000, 0x0000000795580000)
  object space 87552K, 9% used [0x0000000740000000,0x000000074082d300,0x0000000745580000)
 Metaspace       used 10150K, capacity 10337K, committed 10624K, reserved 1058816K
  class space    used 1066K, capacity 1117K, committed 1152K, reserved 1048576K
Event: 10.119 GC heap after
Heap after GC invocations=7 (full 0):
 PSYoungGen      total 75776K, used 5408K [0x0000000795580000, 0x000000079e980000, 0x00000007c0000000)
  eden space 66560K, 0% used [0x0000000795580000,0x0000000795580000,0x0000000799680000)
  from space 9216K, 58% used [0x0000000799680000,0x0000000799bc8050,0x0000000799f80000)
  to   space 9216K, 0% used [0x000000079e080000,0x000000079e080000,0x000000079e980000)
 ParOldGen       total 87552K, used 10345K [0x0000000740000000, 0x0000000745580000, 0x0000000795580000)
  object space 87552K, 11% used [0x0000000740000000,0x0000000740a1a440,0x0000000745580000)
 Metaspace       used 10150K, capacity 10337K, committed 10624K, reserved 1058816K
  class space    used 1066K, capacity 1117K, committed 1152K, reserved 1048576K
}
Event: 10.484 GC heap before
{Heap before GC invocations=8 (full 0):
 PSYoungGen      total 75776K, used 71043K [0x0000000795580000, 0x000000079e980000, 0x00000007c0000000)
  eden space 66560K, 98% used [0x0000000795580000,0x0000000799598c28,0x0000000799680000)
  from space 9216K, 58% used [0x0000000799680000,0x0000000799bc8050,0x0000000799f80000)
  to   space 9216K, 0% used [0x000000079e080000,0x000000079e080000,0x000000079e980000)
 ParOldGen       total 87552K, used 10345K [0x0000000740000000, 0x0000000745580000, 0x0000000795580000)
  object space 87552K, 11% used [0x0000000740000000,0x0000000740a1a440,0x0000000745580000)
 Metaspace       used 10158K, capacity 10337K, committed 10624K, reserved 1058816K
  class space    used 1066K, capacity 1117K, committed 1152K, reserved 1048576K
Event: 10.488 GC heap after
Heap after GC invocations=8 (full 0):
 PSYoungGen      total 141824K, used 1400K [0x0000000795580000, 0x000000079ea80000, 0x00000007c0000000)
  eden space 132608K, 0% used [0x0000000795580000,0x0000000795580000,0x000000079d700000)
  from space 9216K, 15% used [0x000000079e080000,0x000000079e1de020,0x000000079e980000)
  to   space 9728K, 0% used [0x000000079d700000,0x000000079d700000,0x000000079e080000)
 ParOldGen       total 87552K, used 10369K [0x0000000740000000, 0x0000000745580000, 0x0000000795580000)
  object space 87552K, 11% used [0x0000000740000000,0x0000000740a20440,0x0000000745580000)
 Metaspace       used 10158K, capacity 10337K, committed 10624K, reserved 1058816K
  class space    used 1066K, capacity 1117K, committed 1152K, reserved 1048576K
}
Event: 11.306 GC heap before
{Heap before GC invocations=9 (full 0):
 PSYoungGen      total 141824K, used 134008K [0x0000000795580000, 0x000000079ea80000, 0x00000007c0000000)
  eden space 132608K, 100% used [0x0000000795580000,0x000000079d700000,0x000000079d700000)
  from space 9216K, 15% used [0x000000079e080000,0x000000079e1de020,0x000000079e980000)
  to   space 9728K, 0% used [0x000000079d700000,0x000000079d700000,0x000000079e080000)
 ParOldGen       total 87552K, used 10369K [0x0000000740000000, 0x0000000745580000, 0x0000000795580000)
  object space 87552K, 11% used [0x0000000740000000,0x0000000740a20440,0x0000000745580000)
 Metaspace       used 10164K, capacity 10337K, committed 10624K, reserved 1058816K
  class space    used 1066K, capacity 1117K, committed 1152K, reserved 1048576K
Event: 11.311 GC heap after
Heap after GC invocations=9 (full 0):
 PSYoungGen      total 142336K, used 6624K [0x0000000795580000, 0x00000007a3800000, 0x00000007c0000000)
  eden space 132608K, 0% used [0x0000000795580000,0x0000000795580000,0x000000079d700000)
  from space 9728K, 68% used [0x000000079d700000,0x000000079dd78060,0x000000079e080000)
  to   space 9728K, 0% used [0x00000007a2e80000,0x00000007a2e80000,0x00000007a3800000)
 ParOldGen       total 87552K, used 10393K [0x0000000740000000, 0x0000000745580000, 0x0000000795580000)
  object space 87552K, 11% used [0x0000000740000000,0x0000000740a26440,0x0000000745580000)
 Metaspace       used 10164K, capacity 10337K, committed 10624K, reserved 1058816K
  class space    used 1066K, capacity 1117K, committed 1152K, reserved 1048576K
}
Event: 11.924 GC heap before
{Heap before GC invocations=10 (full 0):
 PSYoungGen      total 142336K, used 139232K [0x0000000795580000, 0x00000007a3800000, 0x00000007c0000000)
  eden space 132608K, 100% used [0x0000000795580000,0x000000079d700000,0x000000079d700000)
  from space 9728K, 68% used [0x000000079d700000,0x000000079dd78060,0x000000079e080000)
  to   space 9728K, 0% used [0x00000007a2e80000,0x00000007a2e80000,0x00000007a3800000)
 ParOldGen       total 87552K, used 10393K [0x0000000740000000, 0x0000000745580000, 0x0000000795580000)
  object space 87552K, 11% used [0x0000000740000000,0x0000000740a26440,0x0000000745580000)
 Metaspace       used 10168K, capacity 10337K, committed 10624K, reserved 1058816K
  class space    used 1066K, capacity 1117K, committed 1152K, reserved 1048576K
Event: 11.930 GC heap after
Heap after GC invocations=10 (full 0):
 PSYoungGen      total 222208K, used 6624K [0x0000000795580000, 0x00000007a3800000, 0x00000007c0000000)
  eden space 212480K, 0% used [0x0000000795580000,0x0000000795580000,0x00000007a2500000)
  from space 9728K, 68% used [0x00000007a2e80000,0x00000007a34f8060,0x00000007a3800000)
  to   space 9728K, 0% used [0x00000007a2500000,0x00000007a2500000,0x00000007a2e80000)
 ParOldGen       total 87552K, used 10441K [0x0000000740000000, 0x0000000745580000, 0x0000000795580000)
  object space 87552K, 11% used [0x0000000740000000,0x0000000740a32450,0x0000000745580000)
 Metaspace       used 10168K, capacity 10337K, committed 10624K, reserved 1058816K
  class space    used 1066K, capacity 1117K, committed 1152K, reserved 1048576K
}
Event: 13.214 GC heap before
{Heap before GC invocations=11 (full 0):
 PSYoungGen      total 222208K, used 219104K [0x0000000795580000, 0x00000007a3800000, 0x00000007c0000000)
  eden space 212480K, 100% used [0x0000000795580000,0x00000007a2500000,0x00000007a2500000)
  from space 9728K, 68% used [0x00000007a2e80000,0x00000007a34f8060,0x00000007a3800000)
  to   space 9728K, 0% used [0x00000007a2500000,0x00000007a2500000,0x00000007a2e80000)
 ParOldGen       total 87552K, used 10441K [0x0000000740000000, 0x0000000745580000, 0x0000000795580000)
  object space 87552K, 11% used [0x0000000740000000,0x0000000740a32450,0x0000000745580000)
 Metaspace       used 10181K, capacity 10337K, committed 10624K, reserved 1058816K
  class space    used 1066K, capacity 1117K, committed 1152K, reserved 1048576K
Event: 13.224 GC heap after
Heap after GC invocations=11 (full 0):
 PSYoungGen      total 222208K, used 5872K [0x0000000795580000, 0x00000007ab380000, 0x00000007c0000000)
  eden space 212480K, 0% used [0x0000000795580000,0x0000000795580000,0x00000007a2500000)
  from space 9728K, 60% used [0x00000007a2500000,0x00000007a2abc060,0x00000007a2e80000)
  to   space 9216K, 0% used [0x00000007aaa80000,0x00000007aaa80000,0x00000007ab380000)
 ParOldGen       total 87552K, used 10465K [0x0000000740000000, 0x0000000745580000, 0x0000000795580000)
  object space 87552K, 11% used [0x0000000740000000,0x0000000740a38450,0x0000000745580000)
 Metaspace       used 10181K, capacity 10337K, committed 10624K, reserved 1058816K
  class space    used 1066K, capacity 1117K, committed 1152K, reserved 1048576K
}

