<?xml version="1.0" encoding="UTF-8" ?>
<testsuites>
  <testsuite errors="0" failures="0" hostname="Moo-PC" id="0" name="FullBoardTest" package="test.java.edu.asu.cst316" skipped="0" tests="1" time="0.028" timestamp="2015-03-03T06:01:07">
      <properties>
[...]
</properties>

      <testcase classname="test.java.edu.asu.cst316.FullBoardTest" name="testState" time="0.0" />

      <system-out><![CDATA[]]></system-out>

      <system-err><![CDATA[]]></system-err>

  </testsuite>
  <testsuite errors="0" failures="0" hostname="Moo-PC" id="1" name="GameBoardTest" package="test.java.edu.asu.cst316" skipped="0" tests="1" time="0.028" timestamp="2015-03-03T06:01:08">
      <properties>
[...]
</properties>

      <testcase classname="test.java.edu.asu.cst316.GameBoardTest" name="testBoardState" time="0.001" />

      <system-out><![CDATA[0
1
2
3
4
5
0
1
2
3
4
5
0
1
2
3
4
5
]]></system-out>

      <system-err><![CDATA[]]></system-err>

  </testsuite>
</testsuites>
